0 info it worked if it ends with ok
1 verbose cli [ 'C:\\Program Files\\nodejs\\node.exe',
1 verbose cli   'C:\\Users\\epeluffo.HOSPITAL\\AppData\\Roaming\\npm\\node_modules\\npm\\bin\\npm-cli.js',
1 verbose cli   'install',
1 verbose cli   'express',
1 verbose cli   '--save' ]
2 info using npm@4.0.2
3 info using node@v8.5.0
4 silly loadCurrentTree Starting
5 silly install loadCurrentTree
6 silly install readLocalPackageData
7 silly fetchPackageMetaData express
8 silly fetchNamedPackageData express
9 silly mapToRegistry name express
10 silly mapToRegistry using default registry
11 silly mapToRegistry registry https://registry.npmjs.org/
12 silly mapToRegistry data Result {
12 silly mapToRegistry   raw: 'express',
12 silly mapToRegistry   scope: null,
12 silly mapToRegistry   escapedName: 'express',
12 silly mapToRegistry   name: 'express',
12 silly mapToRegistry   rawSpec: '',
12 silly mapToRegistry   spec: 'latest',
12 silly mapToRegistry   type: 'tag' }
13 silly mapToRegistry uri https://registry.npmjs.org/express
14 verbose request uri https://registry.npmjs.org/express
15 verbose request no auth needed
16 info attempt registry request try #1 at 10:57:08
17 verbose request id 8d6ce0599aa611d0
18 verbose etag W/"59b961fd-8eda8"
19 verbose lastModified Wed, 13 Sep 2017 16:51:09 GMT
20 http request GET https://registry.npmjs.org/express
21 http 304 https://registry.npmjs.org/express
22 verbose headers { date: 'Thu, 14 Sep 2017 13:59:00 GMT',
22 verbose headers   via: '1.1 varnish',
22 verbose headers   'cache-control': 'max-age=300',
22 verbose headers   etag: 'W/"59b961fd-8eda8"',
22 verbose headers   age: '143',
22 verbose headers   connection: 'close',
22 verbose headers   'x-served-by': 'cache-mia17621-MIA',
22 verbose headers   'x-cache': 'HIT',
22 verbose headers   'x-cache-hits': '2',
22 verbose headers   'x-timer': 'S1505397541.593504,VS0,VE0',
22 verbose headers   vary: 'Accept-Encoding, Accept' }
23 silly get cb [ 304,
23 silly get   { date: 'Thu, 14 Sep 2017 13:59:00 GMT',
23 silly get     via: '1.1 varnish',
23 silly get     'cache-control': 'max-age=300',
23 silly get     etag: 'W/"59b961fd-8eda8"',
23 silly get     age: '143',
23 silly get     connection: 'close',
23 silly get     'x-served-by': 'cache-mia17621-MIA',
23 silly get     'x-cache': 'HIT',
23 silly get     'x-cache-hits': '2',
23 silly get     'x-timer': 'S1505397541.593504,VS0,VE0',
23 silly get     vary: 'Accept-Encoding, Accept' } ]
24 verbose etag https://registry.npmjs.org/express from cache
25 verbose get saving express to C:\Users\epeluffo.HOSPITAL\AppData\Roaming\npm-cache\registry.npmjs.org\express\.cache.json
26 verbose correctMkdir C:\Users\epeluffo.HOSPITAL\AppData\Roaming\npm-cache correctMkdir not in flight; initializing
27 silly install normalizeTree
28 silly loadCurrentTree Finishing
29 silly loadIdealTree Starting
30 silly install loadIdealTree
31 silly cloneCurrentTree Starting
32 silly install cloneCurrentTreeToIdealTree
33 silly cloneCurrentTree Finishing
34 silly loadShrinkwrap Starting
35 silly install loadShrinkwrap
36 silly loadShrinkwrap Finishing
37 silly loadAllDepsIntoIdealTree Starting
38 silly install loadAllDepsIntoIdealTree
39 silly resolveWithNewModule express@4.15.4 checking installable status
40 silly cache add args [ 'express', null ]
41 verbose cache add spec express
42 silly cache add parsed spec Result {
42 silly cache add   raw: 'express',
42 silly cache add   scope: null,
42 silly cache add   escapedName: 'express',
42 silly cache add   name: 'express',
42 silly cache add   rawSpec: '',
42 silly cache add   spec: 'latest',
42 silly cache add   type: 'tag' }
43 silly addNamed express@latest
44 verbose addNamed "latest" is being treated as a dist-tag for express
45 info addNameTag [ 'express', 'latest' ]
46 silly mapToRegistry name express
47 silly mapToRegistry using default registry
48 silly mapToRegistry registry https://registry.npmjs.org/
49 silly mapToRegistry data Result {
49 silly mapToRegistry   raw: 'express',
49 silly mapToRegistry   scope: null,
49 silly mapToRegistry   escapedName: 'express',
49 silly mapToRegistry   name: 'express',
49 silly mapToRegistry   rawSpec: '',
49 silly mapToRegistry   spec: 'latest',
49 silly mapToRegistry   type: 'tag' }
50 silly mapToRegistry uri https://registry.npmjs.org/express
51 verbose addNameTag registry:https://registry.npmjs.org/express not in flight; fetching
52 verbose get https://registry.npmjs.org/express not expired, no request
53 silly addNameTag next cb for express with tag latest
54 silly addNamed express@4.15.4
55 verbose addNamed "4.15.4" is a plain semver version for express
56 silly mapToRegistry name express
57 silly mapToRegistry using default registry
58 silly mapToRegistry registry https://registry.npmjs.org/
59 silly mapToRegistry data Result {
59 silly mapToRegistry   raw: 'express',
59 silly mapToRegistry   scope: null,
59 silly mapToRegistry   escapedName: 'express',
59 silly mapToRegistry   name: 'express',
59 silly mapToRegistry   rawSpec: '',
59 silly mapToRegistry   spec: 'latest',
59 silly mapToRegistry   type: 'tag' }
60 silly mapToRegistry uri https://registry.npmjs.org/express
61 verbose addRemoteTarball https://registry.npmjs.org/express/-/express-4.15.4.tgz not in flight; adding
62 verbose addRemoteTarball [ 'https://registry.npmjs.org/express/-/express-4.15.4.tgz',
62 verbose addRemoteTarball   '032e2253489cf8fce02666beca3d11ed7a2daed1' ]
63 verbose stack Error: kill ENOSYS
63 verbose stack     at Object._errnoException (util.js:1026:11)
63 verbose stack     at process.kill (internal/process.js:188:18)
63 verbose stack     at process.listener (C:\Users\epeluffo.HOSPITAL\AppData\Roaming\npm\node_modules\npm\node_modules\npmlog\node_modules\gauge\node_modules\signal-exit\index.js:86:15)
63 verbose stack     at emitNone (events.js:110:20)
63 verbose stack     at process.emit (events.js:207:7)
63 verbose stack     at processEmit (C:\Users\epeluffo.HOSPITAL\AppData\Roaming\npm\node_modules\npm\node_modules\npmlog\node_modules\gauge\node_modules\signal-exit\index.js:146:32)
63 verbose stack     at processEmit (C:\Users\epeluffo.HOSPITAL\AppData\Roaming\npm\node_modules\npm\node_modules\npm-registry-client\node_modules\npmlog\node_modules\gauge\node_modules\signal-exit\index.js:146:32)
63 verbose stack     at Signal.wrap.onsignal (internal/process.js:213:44)
64 verbose cwd C:\Proyectos\BOT Proyects\Leviatas_Bot
65 error Windows_NT 6.3.9600
66 error argv "C:\\Program Files\\nodejs\\node.exe" "C:\\Users\\epeluffo.HOSPITAL\\AppData\\Roaming\\npm\\node_modules\\npm\\bin\\npm-cli.js" "install" "express" "--save"
67 error node v8.5.0
68 error npm  v4.0.2
69 error code ENOSYS
70 error errno ENOSYS
71 error syscall kill
72 error kill ENOSYS
73 error If you need help, you may report this error at:
73 error     <https://github.com/npm/npm/issues>
74 verbose exit [ 1, true ]
